<?xml version="1.0" encoding="UTF-8"?>
<!-- Generated by org.testng.reporters.JUnitReportReporter -->
<testsuite hostname="DESKTOP-5EVK54D" failures="0" tests="3" name="runner.ProfilePictureRunneer" time="0.558" errors="0" timestamp="2023-06-12T07:28:12 IST" skipped="0">
  <testcase classname="runner.ProfilePictureRunneer" name="runScenario" time="0.063"/>
  <system-out/>
  <testcase classname="runner.ProfilePictureRunneer" name="runScenario" time="0.141"/>
  <system-out/>
  <testcase classname="runner.ProfilePictureRunneer" name="runScenario" time="0.354"/>
  <system-out/>
</testsuite> <!-- runner.ProfilePictureRunneer -->
