<?xml version="1.0" encoding="UTF-8"?>
<!-- Generated by org.testng.reporters.JUnitReportReporter -->
<testsuite hostname="DESKTOP-5EVK54D" failures="0" tests="2" name="runner.LoginRunner" time="0.428" errors="0" timestamp="2023-06-13T07:59:18 IST" skipped="0">
  <testcase classname="runner.LoginRunner" name="runScenario" time="0.099"/>
  <system-out/>
  <testcase classname="runner.LoginRunner" name="runScenario" time="0.329"/>
  <system-out/>
</testsuite> <!-- runner.LoginRunner -->
