<?xml version="1.0" encoding="UTF-8"?>
<!-- Generated by org.testng.reporters.JUnitReportReporter -->
<testsuite hostname="DESKTOP-5EVK54D" failures="0" tests="3" name="runner.CampaignRunner" time="0.594" errors="0" timestamp="2023-06-13T07:45:17 IST" skipped="0">
  <testcase classname="runner.CampaignRunner" name="runScenario" time="0.423"/>
  <system-out/>
  <testcase classname="runner.CampaignRunner" name="runScenario" time="0.093"/>
  <system-out/>
  <testcase classname="runner.CampaignRunner" name="runScenario" time="0.078"/>
  <system-out/>
</testsuite> <!-- runner.CampaignRunner -->
