<?xml version="1.0" encoding="UTF-8"?>
<!-- Generated by org.testng.reporters.JUnitReportReporter -->
<testsuite hostname="DESKTOP-5EVK54D" failures="0" tests="3" name="runner.OrdersRunner" time="0.489" errors="0" timestamp="2023-06-13T08:01:54 IST" skipped="0">
  <testcase classname="runner.OrdersRunner" name="runScenario" time="0.128"/>
  <system-out/>
  <testcase classname="runner.OrdersRunner" name="runScenario" time="0.276"/>
  <system-out/>
  <testcase classname="runner.OrdersRunner" name="runScenario" time="0.085"/>
  <system-out/>
</testsuite> <!-- runner.OrdersRunner -->
