<?xml version="1.0" encoding="UTF-8"?>
<!-- Generated by org.testng.reporters.JUnitReportReporter -->
<testsuite hostname="DESKTOP-5EVK54D" failures="0" tests="5" name="runner.BackgroundScenarioOutlineRunner" time="0.686" errors="0" timestamp="2023-06-10T11:55:07 IST" skipped="0">
  <testcase classname="runner.BackgroundScenarioOutlineRunner" name="runScenario" time="0.100"/>
  <system-out/>
  <testcase classname="runner.BackgroundScenarioOutlineRunner" name="runScenario" time="0.299"/>
  <system-out/>
  <testcase classname="runner.BackgroundScenarioOutlineRunner" name="runScenario" time="0.069"/>
  <system-out/>
  <testcase classname="runner.BackgroundScenarioOutlineRunner" name="runScenario" time="0.096"/>
  <system-out/>
  <testcase classname="runner.BackgroundScenarioOutlineRunner" name="runScenario" time="0.122"/>
  <system-out/>
</testsuite> <!-- runner.BackgroundScenarioOutlineRunner -->
