<?xml version="1.0" encoding="UTF-8"?>
<!-- Generated by org.testng.reporters.JUnitReportReporter -->
<testsuite hostname="DESKTOP-5EVK54D" failures="0" tests="1" name="runner.TestClass" time="0.020" errors="0" timestamp="2023-06-13T07:55:25 IST" skipped="0">
  <testcase classname="runner.TestClass" name="m1" time="0.020"/>
  <system-out/>
</testsuite> <!-- runner.TestClass -->
